<?xml version="1.0" encoding="UTF-8" ?>
<testsuite tests="18" failures="0" name="CalculatorTest" time="0.004" errors="0" skipped="0">
  <properties>
[...]
</properties>
  <testcase classname="CalculatorTest" name="testSquareRootNegative" time="0.003"/>
  <testcase classname="CalculatorTest" name="testPower" time="0"/>
  <testcase classname="CalculatorTest" name="testAdditionNegative" time="0"/>
  <testcase classname="CalculatorTest" name="testFactorial" time="0"/>
  <testcase classname="CalculatorTest" name="testMultiplication" time="0"/>
  <testcase classname="CalculatorTest" name="testAddition" time="0"/>
  <testcase classname="CalculatorTest" name="testPowerWithZeroExponent" time="0"/>
  <testcase classname="CalculatorTest" name="testPowerNegative" time="0"/>
  <testcase classname="CalculatorTest" name="testNaturalLog" time="0"/>
  <testcase classname="CalculatorTest" name="testMultiplicationNegative" time="0"/>
  <testcase classname="CalculatorTest" name="testDivisionNegative" time="0.001"/>
  <testcase classname="CalculatorTest" name="testNaturalLogNegative" time="0"/>
  <testcase classname="CalculatorTest" name="testSubtractionNegative" time="0"/>
  <testcase classname="CalculatorTest" name="testDivision" time="0"/>
  <testcase classname="CalculatorTest" name="testSquareRoot" time="0"/>
  <testcase classname="CalculatorTest" name="testFactorialNegative" time="0"/>
  <testcase classname="CalculatorTest" name="testSubtraction" time="0"/>
  <testcase classname="CalculatorTest" name="testNaturalLogOfNonPositiveNumber" time="0"/>
</testsuite>